<?xml version="1.0" encoding="UTF-8" ?>
<testsuite tests="3" failures="0" name="TestCucumberPack.TestCucumberClass" time="0.024" errors="0" skipped="3">
  <properties>
[...]
</properties>
  <testcase classname="Title of your feature" name="Title of your scenario" time="0.008">
    <skipped/>
    <system-out>&amp;#27;[33mU&amp;#27;[0m&amp;#27;[33mU&amp;#27;[0m&amp;#27;[33mU&amp;#27;[0m</system-out>
  </testcase>
  <testcase classname="Title of your feature" name="Title of your scenario" time="0.008">
    <skipped/>
  </testcase>
  <testcase classname="Title of your feature" name="Title of your scenario" time="0.008">
    <skipped/>
  </testcase>
</testsuite>